<?xml version="1.0" encoding="UTF-8"?>
<!-- Generated by org.testng.reporters.JUnitReportReporter -->
<testsuite hostname="DESKTOP-0UNA812" name="com.fileUploadTests.Verify_FileUploadButton" tests="1" failures="0" timestamp="8 Sep 2021 05:26:45 GMT" time="20.120" errors="0">
  <testcase name="check_windowOpen" time="20.120" classname="com.fileUploadTests.Verify_FileUploadButton"/>
</testsuite> <!-- com.fileUploadTests.Verify_FileUploadButton -->
