<?xml version="1.0" encoding="UTF-8"?>
<!-- Generated by org.testng.reporters.JUnitReportReporter -->
<testsuite skipped="0" hostname="ARPGL006754" name="com.loginTests.Pass_Validate_01" tests="2" failures="0" timestamp="2021-09-06T12:38:49 IST" time="37.323" errors="0">
  <testcase name="Vrfy_Uname" time="18.565" classname="com.loginTests.Pass_Validate_01"/>
  <system-out/>
  <testcase name="Pass_Rules" time="18.758" classname="com.loginTests.Pass_Validate_01"/>
  <system-out/>
</testsuite> <!-- com.loginTests.Pass_Validate_01 -->
