<?xml version="1.0" encoding="UTF-8"?>
<!-- Generated by org.testng.reporters.JUnitReportReporter -->
<testsuite hostname="DESKTOP-9PC42K6" failures="0" tests="1" name="com.functionalityTests.ChangePassword" time="35.182" errors="0" timestamp="2021-09-09T15:03:53 IST" skipped="0">
  <testcase classname="com.functionalityTests.ChangePassword" name="verifyUsername" time="35.182"/>
  <system-out/>
</testsuite> <!-- com.functionalityTests.ChangePassword -->
