<?xml version="1.0" encoding="UTF-8"?>
<!-- Generated by org.testng.reporters.JUnitReportReporter -->
<testsuite skipped="0" hostname="ARPGL006754" name="com.dashboardTests.Verify_ProfileBtn_02" tests="1" failures="0" timestamp="2021-09-09T16:45:44 IST" time="6.068" errors="0">
  <testcase name="verifyProfileButtonEnable" time="6.068" classname="com.dashboardTests.Verify_ProfileBtn_02"/>
  <system-out/>
</testsuite> <!-- com.dashboardTests.Verify_ProfileBtn_02 -->
