<?xml version="1.0" encoding="UTF-8"?>
<!-- Generated by org.testng.reporters.JUnitReportReporter -->
<testsuite skipped="0" hostname="ARPGL006754" name="com.registerTests.Password_Rules_01" tests="1" failures="0" timestamp="2021-09-07T13:17:03 IST" time="11.800" errors="0">
  <testcase name="Password_Rules" time="11.800" classname="com.registerTests.Password_Rules_01"/>
  <system-out/>
</testsuite> <!-- com.registerTests.Password_Rules_01 -->
