<?xml version="1.0" encoding="UTF-8"?>
<!-- Generated by org.testng.reporters.JUnitReportReporter -->
<testsuite skipped="0" hostname="ARPGL006754" name="com.loginTests.Pass_Validate_01" tests="1" failures="0" timestamp="2021-09-07T17:10:40 IST" time="23.834" errors="0">
  <testcase name="verifyUsername" time="23.834" classname="com.loginTests.Pass_Validate_01"/>
  <system-out/>
</testsuite> <!-- com.loginTests.Pass_Validate_01 -->
