<?xml version="1.0" encoding="UTF-8"?>
<!-- Generated by org.testng.reporters.JUnitReportReporter -->
<testsuite skipped="0" hostname="ARPGL006754" name="com.registerTests.Verify_Email_01" tests="1" failures="0" timestamp="2021-09-11T11:22:22 IST" time="14.125" errors="0">
  <testcase name="verifyEmail" time="14.125" classname="com.registerTests.Verify_Email_01"/>
  <system-out/>
</testsuite> <!-- com.registerTests.Verify_Email_01 -->
