<?xml version="1.0" encoding="UTF-8"?>
<!-- Generated by org.testng.reporters.JUnitReportReporter -->
<testsuite skipped="0" hostname="ARPGL006754" name="com.dashboardTests.Verify_DeleteBtn_09" tests="1" failures="0" timestamp="2021-09-09T16:32:18 IST" time="4.378" errors="0">
  <testcase name="deleteButtonPresent" time="4.378" classname="com.dashboardTests.Verify_DeleteBtn_09"/>
  <system-out/>
</testsuite> <!-- com.dashboardTests.Verify_DeleteBtn_09 -->
