<?xml version="1.0" encoding="UTF-8"?>
<!-- Generated by org.testng.reporters.JUnitReportReporter -->
<testsuite skipped="0" hostname="ARPGL006754" name="com.functionalityTests.ChangePassword" tests="1" failures="0" timestamp="2021-09-09T16:32:18 IST" time="75.943" errors="0">
  <testcase name="verifyUsername" time="75.943" classname="com.functionalityTests.ChangePassword"/>
  <system-out/>
</testsuite> <!-- com.functionalityTests.ChangePassword -->
