<?xml version="1.0" encoding="UTF-8"?>
<!-- Generated by org.testng.reporters.JUnitReportReporter -->
<testsuite skipped="0" hostname="ARPGL006754" name="com.loginTests.Pass_Validate_01" tests="2" failures="0" timestamp="2021-09-06T14:03:56 IST" time="52.657" errors="0">
  <testcase name="Vrfy_Uname" time="29.476" classname="com.loginTests.Pass_Validate_01"/>
  <system-out/>
  <testcase name="Password_Rules" time="23.181" classname="com.loginTests.Pass_Validate_01"/>
  <system-out/>
</testsuite> <!-- com.loginTests.Pass_Validate_01 -->
