<?xml version="1.0" encoding="UTF-8"?>
<!-- Generated by org.testng.reporters.JUnitReportReporter -->
<testsuite skipped="0" hostname="ARPGL006754" name="com.registerTests.Password_Rules_01" tests="1" failures="0" timestamp="2021-09-09T16:32:18 IST" time="16.005" errors="0">
  <testcase name="Password_Rules" time="16.005" classname="com.registerTests.Password_Rules_01"/>
  <system-out/>
</testsuite> <!-- com.registerTests.Password_Rules_01 -->
