<?xml version="1.0" encoding="UTF-8"?>
<!-- Generated by org.testng.reporters.JUnitReportReporter -->
<testsuite skipped="0" hostname="ARPGL006754" name="com.registerTests.Verify_Email_01" tests="1" failures="0" timestamp="2021-09-08T15:43:35 IST" time="22.360" errors="0">
  <testcase name="verifyEmail" time="22.360" classname="com.registerTests.Verify_Email_01"/>
  <system-out/>
</testsuite> <!-- com.registerTests.Verify_Email_01 -->
