<?xml version="1.0" encoding="UTF-8"?>
<!-- Generated by org.testng.reporters.JUnitReportReporter -->
<testsuite skipped="0" hostname="ARPGL006754" name="com.registerTests.Register_Button_13" tests="1" failures="0" timestamp="2021-09-09T15:29:32 IST" time="13.039" errors="0">
  <testcase name="Vrfy_ProfilePic" time="13.039" classname="com.registerTests.Register_Button_13"/>
  <system-out/>
</testsuite> <!-- com.registerTests.Register_Button_13 -->
