<?xml version="1.0" encoding="UTF-8"?>
<!-- Generated by org.testng.reporters.JUnitReportReporter -->
<testsuite skipped="0" hostname="ARPGL006754" name="com.registerTests.Register_Button_13" tests="1" failures="0" timestamp="2021-09-10T15:51:08 IST" time="9.370" errors="0">
  <testcase name="Vrfy_ProfilePic" time="9.370" classname="com.registerTests.Register_Button_13"/>
  <system-out/>
</testsuite> <!-- com.registerTests.Register_Button_13 -->
