<?xml version="1.0" encoding="UTF-8"?>
<!-- Generated by org.testng.reporters.JUnitReportReporter -->
<testsuite skipped="0" hostname="ARPGL006754" name="com.dashboardTests.Verify_ProfileBtn_02" tests="2" failures="0" timestamp="2021-09-09T10:11:58 IST" time="7.643" errors="0">
  <testcase name="verifyProfileButtonUrlChange" time="1.338" classname="com.dashboardTests.Verify_ProfileBtn_02"/>
  <system-out/>
  <testcase name="verifyProfileButtonEnable" time="6.305" classname="com.dashboardTests.Verify_ProfileBtn_02"/>
  <system-out/>
</testsuite> <!-- com.dashboardTests.Verify_ProfileBtn_02 -->
