<?xml version="1.0" encoding="UTF-8"?>
<!-- Generated by org.testng.reporters.JUnitReportReporter -->
<testsuite skipped="0" hostname="ARPGL006754" name="com.loginTests.Pass_Validate_01" tests="1" failures="0" timestamp="2021-09-09T16:32:18 IST" time="48.607" errors="0">
  <testcase name="verifyUsername" time="48.607" classname="com.loginTests.Pass_Validate_01"/>
  <system-out/>
</testsuite> <!-- com.loginTests.Pass_Validate_01 -->
