<?xml version="1.0" encoding="UTF-8"?>
<!-- Generated by org.testng.reporters.JUnitReportReporter -->
<testsuite hostname="DESKTOP-9PC42K6" failures="0" tests="1" name="com.registerTests.TC_Register_Userid_1" time="21.358" errors="0" timestamp="2021-09-08T19:50:58 IST" skipped="0">
  <testcase classname="com.registerTests.TC_Register_Userid_1" name="Userid_001" time="21.358"/>
  <system-out/>
</testsuite> <!-- com.registerTests.TC_Register_Userid_1 -->
